<?xml version="1.0" encoding="UTF-8"?>
<!-- Generated by org.testng.reporters.JUnitXMLReporter -->
<testsuite ignored="2" hostname="Dell" failures="0" tests="4" name="Test1" time="6.035" errors="0" timestamp="2022-11-03T12:09:18 IST">
  <testcase classname="TestNgClass.NykkatestNg2" name="@BeforeTest launchbrowsers" time="-1.667457558202E9">
    <failure type="org.testng.TestNGException" message="
Can inject only one of &amp;lt;ITestContext, XmlTest&amp;gt; into a @BeforeTest annotated launchbrowsers.
For more information on native dependency injection please refer to https://testng.org/doc/documentation-main.html#native-dependency-injection">
      <![CDATA[org.testng.TestNGException: 
Can inject only one of <ITestContext, XmlTest> into a @BeforeTest annotated launchbrowsers.
For more information on native dependency injection please refer to https://testng.org/doc/documentation-main.html#native-dependency-injection
... Removed 21 stack frames]]>
    </failure>
  </testcase> <!-- @BeforeTest launchbrowsers -->
  <testcase classname="TestNgClass.NykkatestNg" name="@BeforeClass createpomobjects" time="-1.667457558208E9">
    <skipped/>
  </testcase> <!-- @BeforeClass createpomobjects -->
  <testcase classname="TestNgClass.NykkatestNg" name="@BeforeMethod launchApplication" time="-1.667457558217E9">
    <skipped/>
  </testcase> <!-- @BeforeMethod launchApplication -->
  <testcase classname="TestNgClass.NykkatestNg" name="@BeforeMethod launchApplication" time="-1.667457558225E9">
    <skipped/>
  </testcase> <!-- @BeforeMethod launchApplication -->
  <testcase classname="TestNgClass.NykkatestNg" name="@AfterClass destuctor" time="-1.667457558234E9">
    <skipped/>
  </testcase> <!-- @AfterClass destuctor -->
  <testcase classname="TestNgClass.NykkatestNg2" name="@BeforeClass createpomobjects" time="-1.667457558237E9">
    <skipped/>
  </testcase> <!-- @BeforeClass createpomobjects -->
  <testcase classname="TestNgClass.NykkatestNg2" name="@BeforeMethod launchApplication" time="-1.667457558241E9">
    <skipped/>
  </testcase> <!-- @BeforeMethod launchApplication -->
  <testcase classname="TestNgClass.NykkatestNg2" name="@BeforeMethod launchApplication" time="-1.66745755825E9">
    <skipped/>
  </testcase> <!-- @BeforeMethod launchApplication -->
  <testcase classname="TestNgClass.NykkatestNg2" name="@AfterClass destuctor" time="-1.667457558254E9">
    <skipped/>
  </testcase> <!-- @AfterClass destuctor -->
  <testcase classname="TestNgClass.NykkatestNg" name="@AfterTest closeBrowser" time="-1.667457558257E9">
    <skipped/>
  </testcase> <!-- @AfterTest closeBrowser -->
  <testcase classname="TestNgClass.NykkatestNg2" name="@AfterTest closeBrowser" time="-1.667457558258E9">
    <skipped/>
  </testcase> <!-- @AfterTest closeBrowser -->
  <testcase classname="TestNgClass.NykkatestNg" name="luxe" time="0.0">
    <skipped/>
  </testcase> <!-- luxe -->
  <testcase classname="TestNgClass.NykkatestNg" name="mouseoverluxe" time="0.0">
    <skipped/>
  </testcase> <!-- mouseoverluxe -->
  <testcase classname="TestNgClass.NykkatestNg2" name="luxe" time="0.0">
    <skipped/>
  </testcase> <!-- luxe -->
  <testcase classname="TestNgClass.NykkatestNg2" name="mouseoverluxe" time="0.0">
    <skipped/>
  </testcase> <!-- mouseoverluxe -->
  <testcase classname="TestNgClass.NykkatestNg" name="brandstest" time="0.0">
    <ignored/>
  </testcase> <!-- brandstest -->
  <testcase classname="TestNgClass.NykkatestNg2" name="brandstest" time="0.0">
    <ignored/>
  </testcase> <!-- brandstest -->
</testsuite> <!-- Test1 -->
